Arena Glacier|-57.03|-63.24
Depot Glacier|-57.03|-63.25
Mondor Glacier|-57.08|-63.28
Hektoria Glacier|-61.31|-65.03
Crane Glacier|-62.15|-65.2
Melville Glacier|-62.1|-65.28
Rachel Glacier|-62.1|-65.37
Stubb Glacier|-62.1|-65.41
Sleipnir Glacier|-63.59|-66.29
Stubb Glacier|-62.1|-65.41
Chamberlin Glacier|-65.33|-67.34
Robillard Glacier|-65.35|-68.18
Maitland Glacier|-65.0|-68.43
Earnshaw Glacier|-65.11|-68.45
Cronus Glacier|-64.04|-68.51
Lurabee Glacier|-63.37|-69.15
Bingham Glacier|-63.1|-69.23
Anthony Glacier|-62.45|-69.47
Cordini Glacier|-62.3|-70.01
Clifford Glacier|-62.3|-70.23
Yates Glacier|-62.12|-70.49
Dana Glacier|-62.23|-70.55
Gain Glacier|-61.25|-71.01
Gruening Glacier|-61.55|-71.52
Spiess Glacier|-61.18|-72.12
Maury Glacier|-61.4|-72.42
Heezen Glacier|-61.18|-72.45
Wells Glacier|-61.11|-73.32
Ketchum Glacier|-63.45|-75.0
