Russell East Glacier|-58.2|-63.44
Renard Glacier|-61.38|-64.4
Bayly Glacier|-61.5|-64.37
Leonardo Glacier|-61.58|-64.42
Green Glacier|-61.52|-64.58
Archer Glacier|-63.05|-65.1
Niépce Glacier|-63.22|-65.07
Daguerre Glacier|-63.25|-65.07
Hotine Glacier|-63.52|-65.08
Leay Glacier|-63.57|-65.1
Wiggins Glacier|-64.03|-65.14
Bussey Glacier|-64.01|-65.16
Lind Glacier|-64.01|-65.23
Luke Glacier|-64.02|-65.42
Bradford Glacier|-64.18|-65.51
Bilgeri Glacier|-64.47|-66.01
Hugi Glacier|-65.07|-66.11
Antevs Glacier|-66.49|-67.19
Lliboutry Glacier|-66.46|-67.3
Bader Glacier|-66.45|-67.37
Somigliana Glacier|-67.09|-67.0
Saussure Glacier|-67.0|-67.11
Swithinbank Glacier|-66.46|-67.56
Todd Glacier|-67.03|-68.03
Prospect Glacier|-67.2|-69.32
Zephyr Glacier|-68.36|-69.28
Zonda Glacier|-68.3|-69.33
Hill Glacier|-75.4|-73.03
Nikitin Glacier|-75.36|-73.48
Gopher Glacier|-94.0|-73.28
Exum Glacier|-94.14|-73.3
Haskell Glacier|-94.13|-73.34
Rosanova Glacier|-97.55|-73.15
Rignot Glacier|-102.0|-73.06
Pope Glacier|-111.22|-75.19
Smith Glacier|-112.0|-75.05
Yoder Glacier|-114.24|-75.07
Horrall Glacier|-114.28|-75.0
Dorchuck Glacier|-113.56|-74.44
