Aagaard Glacier|-64.31|-66.46
Aaron Glacier|-90.4|-85.08
Abbotsmith Glacier|73.24|-53.06
Academy Glacier|-61.0|-84.15
Acosta Glacier|-100.55|-71.58
Adams Glacier|109.4|-66.5
Adams Glacier|163.38|-78.07
Aeronaut Glacier|163.36|-73.16
Ahern Glacier|159.1|-81.47
Ahlmann Glacier|-65.45|-67.52
Ahrnsbrak Glacier|-82.18|-79.48
Aiken Glacier|163.242|-77.3816
Airy Glacier|-66.2|-69.13
Aitkenhead Glacier|-58.44|-63.57
Akebono Glacier|42.53|-68.07
Albanus Glacier|-151.0|-85.52
Alberich Glacier|161.3734|-77.355
Alberts Glacier|-64.53|-66.52
Albone Glacier|-59.42|-64.13
Albrecht Penck Glacier|162.2|-76.4
Algie Glacier|162.05|-82.08
Alice Glacier|170.0|-83.58
Alley Glacier|158.05|-79.58
Allison Glacier|161.55|-78.16
Alt Glacier|162.31|-71.06
Altarduken Glacier|11.26|-71.39
Alvarez Glacier|162.2|-70.53
Alyabiev Glacier|-72.4|-71.42
Ambergris Glacier|-62.37|-65.43
Amos Glacier|163.3914|-77.4911
Amphitheatre Glacier|163.04|-78.17
Amundsen Glacier|-159.0|-85.35
Anandakrishnan Glacier|-140.05|-75.32
Anderson Glacier|-63.55|-66.24
Anderton Glacier|162.22|-74.41
Andrew Glacier|-59.4|-63.53
Anna Glacier|-58.12|-62.02
Ant Hill Glacier|161.3|-78.49
Antevs Glacier|-66.49|-67.19
Anthony Glacier|-62.45|-69.47
Anu Whakatoro Glacier|161.4135|-77.1721
Anuchin Glacier|13.31|-71.17
Apfel Glacier|100.35|-66.25
Aphrodite Glacier|-64.32|-68.47
Apollo Glacier|-64.45|-68.5
Arago Glacier|-62.23|-64.51
Archer Glacier|-63.05|-65.1
Arena Glacier|-57.03|-63.24
Arensky Glacier|-72.15|-71.39
Argentina Glacier|-60.24|-62.41
Argo Glacier|157.3|-83.22
Argonaut Glacier|166.42|-73.13
Argosy Glacier|157.35|-83.08
Armstrong Glacier|-67.3|-71.31
Arneb Glacier|170.02|-72.25
Arriens Glacier|68.2401|-73.2748
Arruiz Glacier|162.09|-70.39
Arthur Glacier|-145.15|-77.03
Asafiev Glacier|-70.45|-71.05
Ascent Glacier|156.24|-83.13
Ashton Glacier|-61.57|-70.44
Ashworth Glacier|169.1553|-85.0136
Asimutbreen Glacier|13.42|-71.23
Assender Glacier|46.25|-67.36
Astakhov Glacier|163.21|-70.45
Astapenko Glacier|163.0|-70.4
Aster Glacier|-85.0|-78.35
Astro Glacier|157.2|-82.54
Astrolabe Glacier|139.55|-66.45
Astrolabe Glacier Tongue|140.05|-66.42
Astronaut Glacier|164.05|-73.05
Astudillo Glacier|-62.51|-64.53
Athene Glacier|-64.0|-68.56
Atka Glacier|161.33|-76.41
Atkinson Glacier|167.25|-71.3
Attlee Glacier|-63.46|-66.13
Aurora Glacier|167.3719|-77.3724
Auster Glacier|50.45|-67.12
Austin Glacier|-37.12|-54.04
Austreskorve Glacier|5.4|-71.5
Aviator Glacier|165.03|-73.5
Aviator Glacier Tongue|165.5|-74.0
Avsyuk Glacier|-67.15|-67.07
Axel Heiberg Glacier|-163.0|-85.25
Bachtold Glacier|161.5939|-77.0639
Backstairs Passage Glacier|162.36|-75.02
Bader Glacier|-66.45|-67.37
Bagshawe Glacier|-62.35|-64.56
Baker Glacier|169.15|-72.46
Balakirev Glacier|-70.1|-71.25
Balch Glacier|-64.48|-66.5
Balchen Glacier|-145.1|-76.23
Baldwin Glacier|-177.1|-85.06
Balish Glacier|-84.3|-79.25
Ball Glacier|162.5|-78.03
Ball Glacier|-57.22|-64.2
Bally Glacier|159.12|-81.22
Baranowski Glacier|-58.27|-62.12
Barber Glacier|162.45|-70.26
Barcus Glacier|-62.0|-74.15
Bargh Glacier|168.46|-73.05
Barkov Glacier|10.27|-71.46
Barne Glacier|166.2322|-77.3624
Barnes Glacier|-66.25|-67.32
Barnett Glacier|167.3|-70.59
Barnola Glacier|-58.0336|-64.1438
Baronick Glacier|161.5|-78.36
Barrett Glacier|-174.1|-84.37
Barré Glacier|138.4|-66.35
Bartlett Glacier|-152.0|-86.15
Bartley Glacier|162.1539|-77.3311
Bartrum Glacier|158.44|-79.44
Bartók Glacier|-71.0|-69.38
Bary Glacier|-36.47|-54.26
Bates Glacier|163.51|-74.13
Battye Glacier|67.4533|-70.5211
Baudissin Glacier|73.26|-53.02
Baxter Glacier|161.51|-76.4
Bayly Glacier|-61.5|-64.37
Beaglehole Glacier|-64.07|-66.33
Beakley Glacier|-119.5|-73.51
Beaman Glacier|164.38|-70.58
Beardmore Glacier|171.0|-83.45
Bearman Glacier|-99.1|-72.21
Beaumont Glacier|-62.0|-72.02
Beaver Glacier|50.4|-67.02
Beaver Glacier|169.3|-83.24
Behr Glacier|168.05|-72.55
Belgica Glacier|-63.5|-65.23
Bell Glacier|124.54|-66.42
Bellisime Glacier|-99.53|-72.19
Benbrook Glacier|158.55|-81.27
Bender Glacier|-85.2|-78.43
Benson Glacier|162.12|-76.49
Beowulf Glacier|161.5031|-77.3727
Berry Glacier|-134.0|-75.0
Bertoglio Glacier|160.2|-79.18
Bertrab Glacier|-35.57|-54.37
Bertram Glacier|-67.28|-70.5
Berwick Glacier|165.45|-84.36
Bevin Glacier|-63.47|-66.17
Biker Glacier|160.1103|-77.1054
Bilgeri Glacier|-64.47|-66.01
Bindschadler Glacier|162.0941|-77.5738
Bingham Glacier|-63.1|-69.23
Bingley Glacier|167.1|-84.29
Birley Glacier|-64.21|-65.58
Bishop Glacier|-71.27|-69.42
Black Glacier|164.42|-71.4
Blackwall Glacier|-159.4|-86.1
Blackwelder Glacier|164.1031|-77.5607
Blades Glacier|-153.0|-77.38
Blaiklock Glacier|-29.51|-80.3
Blair Glacier|124.32|-66.45
Blanchard Glacier|-62.05|-64.44
Blankenship Glacier|161.4539|-77.5921
Bledisloe Glacier|156.21|-81.22
Blue Glacier|163.515|-77.5038
Blériot Glacier|-61.1|-64.25
Bogen Glacier|-35.56|-54.48
Bol Glacier|162.3423|-77.5206
Bolton Glacier|-62.58|-65.01
Bombardier Glacier|-59.59|-64.19
Bond Glacier|109.0|-66.58
Bondeson Glacier|165.0|-82.44
Bonne Glacier|163.5018|-77.5313
Boomerang Glacier|163.54|-74.33
Borchgrevink Glacier|168.3|-73.04
Borchgrevink Glacier Tongue|168.5|-73.21
Bornmann Glacier|170.13|-72.2
Borns Glacier|162.0228|-77.47
Boschert Glacier|-111.3|-74.43
Bowden Glacier|163.07|-78.08
Bowers Glacier|169.03|-72.37
Bowers Piedmont Glacier|164.1351|-77.4328
Bowin Glacier|177.2|-84.53
Bowman Glacier|-162.0|-85.34
Boyana Glacier|-60.05|-62.42
Boyd Glacier|-145.25|-77.14
Boydell Glacier|-59.04|-64.11
Boyer Glacier|167.21|-73.18
Bradford Glacier|-64.18|-65.51
Brandau Glacier|173.3|-84.54
Branscomb Glacier|-86.05|-78.32
Bravo Glacier|-59.47|-62.31
Brecher Glacier|157.28|-80.42
Breguet Glacier|-60.48|-64.1
Breitfuss Glacier|-64.52|-66.58
Bridgman Glacier|170.05|-72.23
Briggs Glacier|-37.08|-54.1
Brook Glacier|-85.09|-78.42
Brown Glacier|73.39|-53.04
Brown Glacier|-65.08|-74.5
Browns Glacier|78.0|-68.56
Brunner Glacier|-175.38|-85.14
Brunonia Glacier|-37.29|-54.03
Brunvoll Glacier|66.48|-67.48
Brush Glacier|-111.36|-74.29
Bryan Glacier|160.5532|-77.2411
Bryan Glacier|160.5545|-77.2415
Brøgger Glacier|-36.26|-54.32
Brückner Glacier|-67.0|-67.18
Bucher Glacier|-66.5|-67.39
Bulbur Glacier|-98.33|-72.27
Bunner Glacier|-110.4|-74.28
Burgess Glacier|171.55|-85.26
Burnette Glacier|170.03|-72.01
Burns Glacier|164.15|-73.57
Burrows Glacier|163.5457|-78.0204
Bussey Glacier|-64.01|-65.16
Butler Glacier|-152.42|-77.24
Buxton Glacier|-36.12|-54.26
Byrd Glacier|159.0|-80.2
Byrdbreen|26.0|-71.45
Byway Glacier|-65.12|-66.3
Böhnecke Glacier|-61.25|-72.23
Cadman Glacier|-63.47|-65.37
Cairns Glacier|-86.0|-78.34
Calkin Glacier|162.1628|-77.4432
Cambridge Glacier|160.31|-76.57
Campbell Glacier|164.22|-74.25
Campbell Glacier Tongue|164.24|-74.36
Canada Glacier|162.5628|-77.3618
Canham Glacier|163.0|-71.49
Canyon Glacier|175.25|-83.57
Cappellari Glacier|-158.4|-85.52
Capsize Glacier|163.2|-74.02
Carbutt Glacier|-62.49|-65.09
Cardell Glacier|-65.32|-66.25
Carey Glacier|-83.55|-78.53
Carleton Glacier|162.2935|-78.0115
Carlson Glacier|-68.03|-69.25
Carlyon Glacier|159.5|-79.34
Carnein Glacier|162.54|-74.41
Carryer Glacier|162.38|-71.17
Casey Glacier|-63.5|-69.0
Cassidy Glacier|160.0847|-77.4612
Cassini Glacier|163.4917|-77.5351
Catspaw Glacier|161.4318|-77.4157
Caulfeild Glacier|-65.0|-66.11
Cayley Glacier|-60.58|-64.2
Centurion Glacier|-66.56|-68.12
Cerberus Glacier|161.5451|-77.2629
Cervellati Glacier|-85.43|-78.23
Challenger Glacier|73.28|-53.02
Chamberlin Glacier|-65.33|-67.34
Chambers Glacier|-49.25|-83.17
Champness Glacier|164.22|-71.25
Channel Glacier|-63.19|-64.47
Chaos Glacier|78.0|-69.01
Chapman Glacier|166.24|-70.43
Chapman Glacier|-67.55|-70.17
Charity Glacier|-60.2|-62.44
Charles Glacier|-3.26|-72.34
Charybdis Glacier|67.3|-70.25
Chattahoochee Glacier|160.42|-76.34
Chavez Glacier|-101.15|-73.55
Cheetham Ice Tongue|162.55|-75.45
Cherry Icefall|167.4|-84.27
Chijire Glacier|43.23|-68.03
Childs Glacier|-58.4|-83.24
Chinn Glacier|162.1451|-77.2753
Christensen Glacier|3.24|-54.28
Christensen Glacier|-36.52|-54.2
Christiaensen Glacier|35.37|-71.32
Christophersen Glacier|-36.47|-54.25
Christy Glacier|-161.3|-86.06
Chugunov Glacier|163.09|-70.43
Church Glacier|167.34|-71.51
Clark Glacier|162.2205|-77.2459
Clarke Glacier|-66.56|-68.48
Clarke Glacier|162.05|-75.34
Clarke Glacier|-139.06|-75.11
Clarsach Glacier|-70.17|-69.57
Clausen Glacier|-112.03|-76.1
Clausnitzer Glacier|164.41|-74.02
Clayton Glacier|-37.26|-54.04
Cleaves Glacier|165.0|-82.57
Cleveland Glacier|162.01|-76.55
Clifford Glacier|-62.3|-70.23
Cline Glacier|-62.0|-71.4
Clio Glacier|162.022|-77.2613
Clowes Glacier|-60.41|-72.56
Co-pilot Glacier|164.22|-73.11
Cocks Glacier|162.0|-78.41
Cohen Glacier|-164.15|-85.12
Cole Glacier|-66.06|-68.42
Coleman Glacier|-132.33|-75.47
Coley Glacier|-57.14|-64.09
Collins Glacier|65.55|-73.41
Colorado Glacier|-133.05|-85.53
Comberiate Glacier|162.14|-78.21
Commanda Glacier|162.4708|-77.2937
Commandant Charcot Glacier|136.35|-66.25
Commandant Charcot Glacier Tongue|136.35|-66.22
Commonwealth Glacier|163.1518|-77.3332
Compton Glacier|73.37|-53.03
Comrie Glacier|-64.2|-65.48
Conchie Glacier|-67.15|-71.36
Condit Glacier|162.4658|-77.5249
Conger Glacier|103.33|-66.02
Conrow Glacier|162.0713|-77.3357
Contell Glacier|-60.22|-62.39
Cook Glacier|-36.11|-54.27
Cooke Glacier|-88.34|-72.44
Cooper Glacier|-164.3|-85.3
Coral Sea Glacier|168.27|-72.33
Cordini Glacier|-62.3|-70.01
Corner Glacier|163.4|-74.27
Cornwall Glacier|-26.16|-80.47
Cornwall Glacier|162.2|-83.04
Cosgrove Glacier|59.1|-67.29
Cosmonaut Glacier|164.3|-73.26
Cosmonette Glacier|164.51|-73.37
Cotton Glacier|161.4|-77.07
Coulston Glacier|167.58|-72.25
Coulter Glacier|-71.47|-69.2
Covert Glacier|163.0541|-77.5405
Cox Glacier|-101.02|-72.12
Cracktrack Glacier|166.3|-71.4
Craft Glacier|-101.22|-72.12
Crane Glacier|-62.15|-65.2
Crawford Glacier|163.13|-70.53
Creagh Glacier|161.1206|-78.0025
Crean Glacier|-37.01|-54.08
Crescent Glacier|163.1234|-77.4001
Crisp Glacier|162.0912|-77.1115
Croll Glacier|167.18|-72.29
Cronus Glacier|-64.04|-68.51
Croom Glacier|-62.25|-70.18
Crosswell Glacier|-85.24|-78.17
Crume Glacier|169.21|-71.33
Cumbie Glacier|-154.12|-77.13
Cumpston Glacier|-65.02|-66.59
Cunningham Glacier|173.45|-84.16
Cycle Glacier|160.1833|-77.0921
Daguerre Glacier|-63.25|-65.07
Dahe Glacier|162.0056|-77.1519
Dale Glacier|162.02|-78.17
Dalton Glacier|-152.25|-77.33
Dana Glacier|-62.23|-70.55
Dargomyzhsky Glacier|-70.5|-71.5
Darkowski Glacier|162.2552|-77.5218
Darwin Glacier|159.0|-79.53
Daspit Glacier|-65.45|-68.1
Dater Glacier|-84.35|-78.17
David Glacier|162.0|-75.19
Davidson Glacier|166.07|-82.49
Davis Glacier|162.1|-75.45
Davisville Glacier|-128.3|-85.17
Dawson-Lambton Glacier|-26.45|-76.08
De Haven Glacier|127.32|-67.03
DeAngelo Glacier|170.1|-71.54
DeBreuck Glacier|162.5|-82.53
DeGanahl Glacier|-170.35|-85.13
DeVicq Glacier|-131.0|-75.0
DeVries Glacier|157.3|-80.2
DeWald Glacier|167.0|-72.19
Deacock Glacier|73.31|-53.11
Dead End Glacier|-35.56|-54.47
Deadmond Glacier|-96.27|-72.01
Debenham Glacier|162.2731|-77.1052
Deception Glacier|158.33|-78.33
Decker Glacier|162.4743|-77.2746
Defant Glacier|-61.35|-72.32
Delinski Glacier|160.2016|-77.3035
Delius Glacier|-71.03|-69.37
Della Pia Glacier|-85.03|-78.34
Delta Glacier|161.2|-78.42
Deming Glacier|168.3|-72.0
Demorest Glacier|-65.35|-67.22
Denman Glacier|99.3|-66.45
Dennistoun Glacier|168.0|-71.11
Denton Glacier|162.3528|-77.2838
Depot Glacier|-57.03|-63.25
Descent Glacier|162.5228|-77.5044
Deville Glacier|-62.35|-64.48
Devils Glacier|-165.0|-86.23
Dewdrop Glacier|162.22|-77.01
Diamond Glacier|159.0|-79.51
Dibble Glacier|134.36|-66.17
Dibble Glacier Tongue|135.0|-65.5
Dick Glacier|-175.5|-84.53
Dickey Glacier|161.0|-81.35
Dilemma Glacier|161.25|-78.45
Dinsmoor Glacier|-59.59|-64.22
Diplock Glacier|-58.5|-64.03
Discovery Glacier|164.3|-78.2
Dobbratz Glacier|-85.05|-79.24
Dolinnyy Glacier|68.143|-73.0117
Domeyko Glacier|-58.27|-62.04
Donnally Glacier|159.18|-81.37
Donnellan Glacier|-85.48|-78.36
Doran Glacier|162.4015|-77.4326
Dorchuck Glacier|-113.56|-74.44
Dorrer Glacier|163.05|-82.41
Doss Glacier|162.21|-82.3
Double Curtain Glacier|163.3102|-77.39
Douglas Glacier|-61.45|-73.31
Downer Glacier|56.25|-66.58
Downes Glacier|73.31|-53.02
Doyle Glacier|-65.18|-66.0
Driscoll Glacier|-83.0|-79.42
Dromedary Glacier|163.1|-78.18
Drummond Glacier|-65.43|-66.4
Drygalski Glacier|-60.44|-64.43
Drygalski Ice Tongue|163.3|-75.24
DuBeau Glacier|106.27|-66.23
Dugdale Glacier|169.5|-71.38
Dun Glacier|162.1345|-77.4753
Dunn Glacier|165.46|-73.36
Dålk Glacier|76.27|-69.26
Earnshaw Glacier|-65.11|-68.45
Eastwind Glacier|168.16|-77.37
Ebbe Glacier|164.45|-71.03
Eclipse Glacier|-36.5|-54.23
Ecology Glacier|-58.28|-62.11
Eden Glacier|-63.15|-66.12
Edge Glacier|-51.07|-82.29
Edgeworth Glacier|-59.55|-64.23
Edisto Glacier|169.53|-72.27
Edwards Glacier|160.3|-71.35
Egeberg Glacier|169.5|-71.34
Ekblad Glacier|167.17|-83.04
El-Sayed Glacier|-141.52|-75.4
Elder Glacier|168.46|-72.35
Eldred Glacier|-58.16|-61.58
Eliason Glacier|-59.25|-64.15
Ellen Glacier|-84.3|-78.13
Elliott Glacier|115.14|-66.33
Ellis Glacier|24.17|-71.58
Embree Glacier|-85.1|-77.59
Emmanuel Glacier|162.0617|-77.551
Endeavour Piedmont Glacier|166.4237|-77.2422
Endurance Glacier|-55.08|-61.1
England Glacier|68.2328|-73.3014
Entrikin Glacier|160.0|-80.49
Entuziasty Glacier|14.3|-70.3
Enyo Glacier|162.0036|-77.2847
Eos Glacier|162.1101|-77.2828
Epler Glacier|-161.0|-86.15
Erebus Glacier|167.0544|-77.4003
Erebus Glacier Tongue|166.4318|-77.4205
Erickson Glacier|-179.5|-84.25
Eros Glacier|-68.2|-71.18
Errant Glacier|160.58|-82.21
Erskine Glacier|-65.4|-66.29
Esmark Glacier|-37.13|-54.13
Eureka Glacier|-68.45|-69.44
Evans Glacier|-61.4|-65.05
Evans Glacier|170.0|-83.47
Evans Piedmont Glacier|162.4|-76.44
Evison Glacier|163.51|-71.41
Evteev Glacier|161.12|-78.57
Exodus Glacier|156.22|-79.5
Exum Glacier|-94.14|-73.3
Fahnestock Glacier|-149.41|-77.53
Falkenhof Glacier|172.05|-85.02
Falkner Glacier|166.0103|-73.4432
Fang Glacier|167.0111|-77.2727
Farbo Glacier|-141.45|-75.5
Farmer Glacier|159.48|-81.47
Fastook Glacier|156.45|-79.02
Fegley Glacier|167.25|-83.24
Fendley Glacier|168.47|-71.18
Fendorf Glacier|-84.49|-79.3
Fenton Glacier|-61.48|-73.03
Fenwick Glacier|161.4225|-77.1619
Ferguson Glacier|162.512|-77.2753
Fergusson Glacier|159.1|-69.38
Ferrar Glacier|162.4151|-77.49
Ferrigno Glacier|161.59|-78.08
Field Glacier|-66.24|-67.08
Fiftyone Glacier|73.34|-53.11
Finley Glacier|165.38|-73.35
Finsterwalder Glacier|-66.2|-67.19
Fireman Glacier|160.1611|-77.4727
Fisher Glacier|66.0|-73.15
Fitch Glacier|168.07|-72.01
Fitzgerald Glacier|166.15|-73.33
Fitzpatrick Glacier|160.0849|-77.4918
Flagstaff Glacier|-58.26|-62.05
Flanagan Glacier|-82.42|-79.29
Flask Glacier|-62.25|-65.47
Fleece Glacier|-63.1|-65.54
Fleming Glacier|-66.4|-69.25
Flint Glacier|-65.25|-67.2
Flogeken Glacier|4.25|-72.04
Flynn Glacier|159.21|-81.31
Foggydog Glacier|158.4|-79.47
Foley Glacier|-101.1|-71.58
Foolsmate Glacier|161.55|-74.01
Forbes Glacier|-66.44|-67.48
Forbes Glacier|62.2209|-67.3909
Forel Glacier|-66.3|-67.29
Foreman Glacier|-71.22|-69.18
Forman Glacier|-177.1|-84.39
Fortenberry Glacier|166.57|-70.48
Fortuna Glacier|-36.51|-54.06
Foster Glacier|162.5|-78.24
Fountain Glacier|161.3824|-77.4127
Fourcade Glacier|-58.4|-62.13
Fowlie Glacier|168.04|-71.4
Fox Glacier|114.2|-66.15
Frachat Glacier|-70.58|-69.08
Franca Glacier|-65.34|-68.23
Frank Newnes Glacier|169.19|-71.28
Frankenfield Glacier|-98.13|-71.52
Français Glacier|138.15|-66.33
Français Glacier Tongue|138.15|-66.31
Frazier Glacier|161.25|-77.05
Freeman Glacier|132.24|-66.1
Freimanis Glacier|168.15|-72.05
Fricker Glacier|-65.0|-67.03
Friederichsen Glacier|-64.09|-66.38
Fritter Glacier|162.3349|-77.0754
Frost Glacier|129.0|-67.05
Frostman Glacier|-137.57|-75.08
Fry Glacier|162.18|-76.38
Fuerza Aérea Glacier|-59.38|-62.3
Funk Glacier|-63.46|-65.34
Furness Glacier|-54.52|-61.06
Gabites Glacier|160.3202|-77.2048
Gain Glacier|-61.25|-71.01
Gair Glacier|166.32|-73.03
Gallup Glacier|-177.5|-85.09
Gamble Glacier|156.45|-81.06
Gannutz Glacier|162.11|-70.24
Gardiner Glacier|-131.48|-86.01
Garfield Glacier|-136.35|-74.57
Garrard Glacier|169.35|-84.07
Garwood Glacier|163.5655|-78.0051
Gatlin Glacier|-173.3|-85.1
Gauss Glacier|163.4421|-77.5814
Gaussiran Glacier|159.1|-80.0
Geikie Glacier|-36.41|-54.17
Gentle Glacier|161.15|-76.46
Geodetic Glacier|163.4723|-77.4502
Geoid Glacier|163.4701|-77.482
George Glacier|164.15|-70.41
Gerasimou Glacier|-177.03|-84.42
Gerontius Glacier|-70.34|-69.31
Gerry Glacier|-152.05|-77.24
Geysen Glacier|64.36|-73.31
Giaever Glacier|31.08|-72.37
Gibbs Glacier|-66.0|-68.28
Gilbert Glacier|-71.0|-70.0
Gilchrist Glacier|114.06|-66.07
Gildea Glacier|-85.39|-78.38
Giles Glacier|-84.46|-78.4
Gillespie Glacier|-175.12|-85.11
Gillock Glacier|24.08|-72.0
Gjel Glacier|24.55|-71.53
Glazunov Glacier|-71.37|-72.25
Glee Glacier|163.0|-78.16
Glen Glacier|-25.16|-80.44
Glenzer Glacier|103.15|-65.58
Glezen Glacier|162.18|-76.32
Glimpse Glacier|162.46|-78.16
Glitrefonna Glacier|25.33|-71.57
Glukhoy Glacier|67.4547|-70.4824
Gluvreklett Glacier|2.35|-72.14
Godwit Glacier|162.1236|-77.3537
Goetel Glacier|-58.19|-62.04
Goff Glacier|-97.26|-72.14
Goldman Glacier|162.5126|-77.4222
Goldsmith Glacier|-27.42|-78.56
Good Glacier|177.5|-84.12
Goodale Glacier|-156.24|-85.35
Goodell Glacier|-88.3|-72.55
Goodenough Glacier|-66.4|-72.0
Goodspeed Glacier|162.291|-77.295
Goodwin Glacier|-62.57|-65.06
Gopher Glacier|-94.0|-73.28
Gordon Glacier|-26.09|-80.17
Gotley Glacier|73.27|-53.1
Gough Glacier|-171.35|-84.42
Gould Glacier|-64.39|-66.47
Gourdon Glacier|-57.22|-64.15
Gowan Glacier|-85.39|-79.07
Graae Glacier|-36.1|-54.48
Grace Glacier|-37.23|-54.04
Gran Glacier|161.14|-76.56
Graveson Glacier|163.45|-71.0
Gray Glacier|159.35|-82.23
Green Glacier|-61.52|-64.58
Green Glacier|156.1|-79.43
Greenall Glacier|68.1818|-73.1326
Greenwell Glacier|165.0|-71.2
Gregory Glacier|-60.48|-64.08
Gressitt Glacier|161.15|-71.3
Griffith Glacier|-149.24|-86.11
Griffiths Glacier|162.1531|-77.0933
Grimes Glacier|-84.22|-79.12
Grimley Glacier|-64.4|-69.09
Grotto Glacier|-68.35|-70.45
Grubb Glacier|-62.38|-64.56
Gruendler Glacier|167.28|-72.38
Gruening Glacier|-61.55|-71.52
Guard Glacier|-62.1|-71.01
Guerrero Glacier|-84.15|-78.32
Gunnestad Glacier|23.5|-72.03
Gurling Glacier|-62.2|-70.34
Gutenberg Glacier|158.32|-81.58
Haas Glacier|-164.55|-85.45
Haefeli Glacier|-66.23|-67.18
Haffner Glacier|169.24|-71.28
Haines Glacier|-62.33|-73.21
Hale Glacier|-100.33|-72.13
Haley Glacier|-61.5|-71.33
Hall Glacier|-76.23|-73.54
Hamberg Glacier|-36.31|-54.21
Hamblin Glacier|-65.07|-66.24
Hamilton Glacier|160.15|-82.4
Hamilton Glacier|-157.25|-77.33
Hammond Glacier|-146.0|-77.25
Hampton Glacier|-70.05|-69.2
Hand Glacier|168.05|-72.58
Hansen Glacier|-84.33|-78.21
Hansenbreen|22.45|-72.06
Harbord Glacier|162.24|-75.55
Harbord Glacier Tongue|162.5|-75.55
Harbour Glacier|-63.26|-64.49
Harbour Glacier|162.54|-77.02
Harbour Glacier Tongue|162.55|-77.01
Hargreaves Glacier|74.2|-69.46
Hariot Glacier|-66.2|-69.0
Harker Glacier|-36.32|-54.22
Harlin Glacier|160.5|-70.53
Harmer Glacier|-36.15|-54.46
Harp Glacier|163.1401|-77.3143
Harper Glacier|163.05|-73.52
Harrison Glacier|131.15|-66.14
Hart Glacier|162.2534|-77.3108
Harwell Glacier|-171.29|-84.57
Haselton Glacier|160.4507|-77.2107
Haskell Glacier|-94.13|-73.34
Hatherton Glacier|157.35|-79.55
Hawkins Glacier|107.31|-66.34
Hayes Glacier|-27.54|-76.16
Haynes Glacier|-109.3|-75.25
Hays Glacier|46.18|-67.4
Heaney Glacier|-36.12|-54.25
Heap Glacier|159.2|-79.03
Hearfield Glacier|167.42|-72.26
Hedblom Glacier|162.24|-76.34
Hedley Glacier|162.0646|-77.4821
Heezen Glacier|-61.18|-72.45
Hei Glacier|0.35|-72.29
Heidemann Glacier|162.5|-82.33
Heilman Glacier|160.46|-82.37
Heim Glacier|-66.55|-67.28
Heimdall Glacier|161.5054|-77.3442
Heitō Glacier|39.48|-69.16
Hektoria Glacier|-61.31|-65.03
Held Glacier|-177.0|-84.47
Helen Glacier|93.55|-66.4
Helen Glacier Tongue|94.0|-66.33
Helfferich Glacier|160.12|-70.35
Helland Glacier|-36.37|-54.29
Helm Glacier|162.3|-83.07
Helman Glacier|168.28|-72.12
Helmore Glacier|68.1841|-73.0354
Henderson Glacier|-82.25|-79.47
Henningsen Glacier|-36.42|-54.27
Henryk Glacier|-62.3|-64.42
Henson Glacier|-60.11|-64.06
Herbertson Glacier|163.485|-77.4313
Herbst Glacier|-132.07|-75.4
Hermes Glacier|-65.15|-68.59
Herz Glacier|-35.58|-54.41
Hess Glacier|-65.05|-67.13
Hette Glacier|26.35|-71.43
Hewitt Glacier|167.5|-83.17
Hewson Glacier|169.45|-84.12
Higashi-naga-iwa Glacier|41.38|-68.27
Highton Glacier|-54.03|-61.14
Hill Glacier|-75.4|-73.03
Hindle Glacier|-36.05|-54.34
Hinkley Glacier|-85.2|-78.27
Hinton Glacier|157.1|-80.03
Hippocrates Glacier|-62.22|-64.22
Hlubeck Glacier|-97.09|-72.3
Hobbs Glacier|164.1037|-77.5327
Hobbs Glacier|164.24|-77.54
Hodges Glacier|-36.32|-54.16
Hoek Glacier|-65.04|-66.0
Hoffman Glacier|167.4|-83.22
Holcomb Glacier|-142.48|-75.35
Holdsworth Glacier|-154.0|-86.3
Hollingsworth Glacier|159.57|-75.33
Holmes Glacier|126.54|-66.46
Holoviak Glacier|-72.09|-71.22
Holt Glacier|-110.36|-74.4
Holzrichter Glacier|-172.3|-84.5
Honeycomb Glacier|169.52|-72.07
Honnør Glacier|39.5|-69.23
Hood Glacier|173.1|-83.55
Hooker Glacier|163.0711|-78.0342
Hooper Glacier|-63.37|-64.44
Hopkins Glacier|-65.42|-66.36
Horne Glacier|164.56|-71.17
Horntvedt Glacier|3.21|-54.25
Horrall Glacier|-114.28|-75.0
Horton Glacier|-68.3|-67.33
Hoseason Glacier|58.07|-67.06
Hoshko Glacier|163.24|-71.49
Hotine Glacier|-63.52|-65.08
Hough Glacier|-84.2|-78.32
Houliston Glacier|164.34|-72.0
Hourihan Glacier|158.45|-80.08
Houston Glacier|-62.03|-70.34
Hovde Glacier|76.55|-69.15
Howard Glacier|163.0506|-77.4032
Howarth Glacier|-57.23|-64.23
Howchin Glacier|163.22|-78.12
Howe Glacier|-149.12|-86.14
Hudman Glacier|-84.12|-78.54
Hueneme Glacier|-131.15|-85.49
Hughes Glacier|162.2813|-77.4417
Hugi Glacier|-65.07|-66.11
Huka Kapo Glacier|160.4202|-77.2405
Hulbe Glacier|-125.55|-73.47
Hull Glacier|-137.15|-75.05
Humphries Glacier|168.5|-72.51
Hunt Glacier|162.25|-76.52
Hunter Glacier|163.0|-71.44
Huntress Glacier|-60.17|-62.41
Hurley Glacier|-68.32|-67.34
Huron Glacier|-60.02|-62.38
Hushen Glacier|-72.52|-71.26
Hyde Glacier|-83.42|-79.48
Hålisen Glacier|8.51|-72.02
Ice Gate Glacier|-62.45|-64.54
Icebreaker Glacier|166.1|-73.37
Ichime Glacier|42.08|-68.23
Il Polo Glacier|74.54|-69.5
Iliad Glacier|-63.27|-64.27
Ineson Glacier|-58.22|-64.04
Ingham Glacier|168.38|-72.5
Ironside Glacier|169.4|-72.08
Irvine Glacier|-63.15|-74.42
Irving Glacier|160.16|-76.13
Irwin Glacier|163.25|-71.07
Isbrecht Glacier|-100.46|-72.14
Ising Glacier|0.57|-72.24
Iskŭr Glacier|-59.59|-62.38
Jaburg Glacier|-53.25|-82.42
Jacka Glacier|73.2|-53.0
Jackson Glacier|-135.45|-74.47
Jacobel Glacier|-148.17|-77.44
Jacobsen Glacier|167.05|-82.58
Jacoby Glacier|-132.06|-75.48
Jeffries Glacier|-28.12|-79.02
Jenkins Glacier|-36.07|-54.46
Jenner Glacier|-62.35|-64.27
Jennings Glacier|24.22|-71.57
Jensen Glacier|170.48|-85.05
Jeroboam Glacier|-62.4|-65.38
Jewell Glacier|-37.08|-54.16
Jezek Glacier|162.1313|-77.5854
Johns Glacier|-136.3|-85.48
Johnson Glacier|-134.45|-74.55
Johnsons Glacier|-60.21|-62.4
Johnston Glacier|-62.2|-74.25
Johnstone Glacier|163.53|-71.52
Jones Glacier|91.3|-66.36
Jorda Glacier|159.49|-81.18
Jorquera Glacier|-59.39|-62.28
Jorum Glacier|-62.03|-65.14
Joughin Glacier|-62.24|-73.46
Joyce Glacier|163.3625|-78.0023
Judith Glacier|158.49|-80.29
Jupiter Glacier|-68.3|-70.57
Jutland Glacier|166.12|-71.55
Jutulstraumen Glacier|-0.3|-71.35
Kaliakra Glacier|-60.1|-62.35
Kamb Glacier|162.3857|-77.5452
Kamp Glacier|25.24|-71.45
Kannheiser Glacier|-101.42|-72.1
Kansas Glacier|-134.3|-85.42
Kasumi Glacier|42.21|-68.2
Kauffman Glacier|-61.18|-71.15
Kehle Glacier|160.18|-78.56
Keilhau Glacier|-37.04|-54.16
Kellogg Glacier|-62.41|-71.51
Kelly Glacier|168.55|-72.19
Keltie Glacier|170.2|-84.53
Kempe Glacier|162.54|-78.18
Kennedy Glacier|162.1245|-77.3847
Kenney Glacier|-57.02|-63.25
Kent Glacier|163.1|-82.5
Ketchum Glacier|-63.45|-75.0
Keys Glacier|-114.0|-74.48
Khufu Corrie|-68.19|-71.19
Kichenside Glacier|47.36|-67.46
Kiel Glacier|-154.15|-78.08
King Glacier|170.18|-83.29
Kirk Glacier|169.09|-72.02
Kirkby Glacier|166.09|-70.43
Kirkpatrick Glacier|-136.0|-75.09
Kitticarrara Glacier|163.0108|-77.43
Kjerulf Glacier|-36.51|-54.21
Klebelsberg Glacier|-66.19|-67.23
Klein Glacier|-150.0|-86.48
Koch Glacier|-62.3|-64.27
Koerwitz Glacier|-154.24|-85.42
Koettlitz Glacier|164.15|-78.15
Kohler Glacier|-113.45|-74.55
Koms Glacier|25.18|-72.03
Kornicker Glacier|-84.35|-78.43
Korotkiy Glacier|68.0919|-72.5031
Kosco Glacier|-178.0|-84.27
Koski Glacier|167.15|-85.17
Kovacs Glacier|-49.15|-83.11
Krak Glacier|-58.2|-62.06
Krank Glacier|162.05|-83.08
Krebs Glacier|-61.31|-64.38
Kreitzer Glacier|72.36|-70.22
Kronshtadtskiy Glacier|71.35|-71.43
Krout Glacier|-172.12|-84.53
Kubitza Glacier|-63.11|-70.24
König Glacier|-36.48|-54.1
LaVergne Glacier|-170.45|-85.19
Lacroix Glacier|162.3|-77.4
Laird Glacier|169.55|-84.55
Laizure Glacier|158.07|-69.15
Lambert Glacier|70.0|-71.0
Lammers Glacier|-66.1|-68.37
Lancing Glacier|-36.56|-54.2
Land Glacier|-141.45|-75.4
Landau Glacier|-59.1911|-63.5316
Lange Glacier|-58.3|-62.07
Langevad Glacier|168.5|-73.08
Langflog Glacier|4.14|-72.06
Langhovde Glacier|39.48|-69.13
Langskavlen Glacier|14.29|-72.01
Lann Glacier|167.54|-71.15
Larsen Glacier|162.28|-75.06
Larson Glacier|-154.0|-77.28
Las Palmas Glacier|-60.25|-62.41
Lashly Glacier|159.5106|-77.5423
Law Glacier|161.0|-84.05
Lawrie Glacier|-64.36|-66.04
Laws Glacier|-45.38|-60.38
Lawson Glacier|167.3646|-72.202
Laënnec Glacier|-62.13|-64.12
Le Couteur Glacier|-170.3|-84.42
Leander Glacier|167.41|-71.56
Leap Year Glacier|164.15|-71.42
Leay Glacier|-63.57|-65.1
Lee Glacier|159.07|-81.15
Leigh Hunt Glacier|174.1|-85.0
Lennon Glacier|-71.59|-69.12
Lennox-King Glacier|168.0|-83.25
Lensen Glacier|166.48|-72.18
Leonardo Glacier|-61.58|-64.42
Lepekhin Glacier|69.58|-72.43
Leppard Glacier|-62.3|-65.58
Lerchenfeld Glacier|-34.15|-77.55
Lever Glacier|-63.4|-65.3
Leverett Glacier|-147.35|-85.38
Levko Glacier|-96.02|-72.25
Lewald Glacier|-35.52|-54.45
Lewis Glacier|-65.4|-67.45
Liadov Glacier|-73.45|-71.32
Lied Glacier|73.26|-53.09
Lieske Glacier|156.5|-80.05
Lilienthal Glacier|-60.48|-64.21
Lillie Glacier|163.55|-70.45
Lillie Glacier Tongue|163.48|-70.34
Lind Glacier|-64.01|-65.23
Linder Glacier|163.03|-71.41
Line Glacier|167.5|-72.59
Linehan Glacier|162.41|-83.15
Liotard Glacier|139.3|-66.37
Lister Glacier|-62.19|-64.05
Lister Glacier|163.05|-77.59
Liston Glacier|161.0428|-77.3914
Litz Glacier|-99.04|-72.07
Liv Glacier|-168.0|-84.55
Lliboutry Glacier|-66.46|-67.3
Lobeck Glacier|161.4654|-77.1301
Loftus Glacier|162.4723|-77.3241
Logie Glacier|-175.2|-85.18
Long Glacier|-96.43|-72.3
Lord Glacier|-138.41|-75.12
Lovejoy Glacier|160.1|-70.48
Lowe Glacier|160.25|-82.58
Lower Jaw Glacier|162.57|-78.22
Lowery Glacier|163.15|-82.35
Lucas Glacier|-37.18|-54.04
Lucchitta Glacier|-99.56|-74.24
Lucy Glacier|158.25|-82.24
Ludeman Glacier|172.4|-84.27
Ludvig Glacier|166.09|-70.45
Lugger Glacier|160.5|-76.58
Luke Glacier|-64.02|-65.42
Lunde Glacier|6.15|-71.53
Lurabee Glacier|-63.37|-69.15
Lyell Glacier|-36.37|-54.17
MacKinnon Glacier|163.13|-71.32
MacNamara Glacier|-63.4|-84.2
Mackay Glacier|162.0|-76.58
Mackay Glacier Tongue|162.2|-76.58
Mackellar Glacier|167.15|-83.47
Mackenzie Glacier|-62.16|-64.17
Macy Glacier|-60.09|-62.43
Magura Glacier|-60.0|-62.4
Mahaffey Glacier|-96.26|-72.18
Maitland Glacier|-65.0|-68.43
Malpighi Glacier|-62.15|-64.16
Man-o-War Glacier|168.03|-72.04
Manhaul Glacier|169.45|-72.24
Manna Glacier|159.4|-69.45
Manning Glacier|68.1429|-73.0933
Manuel Glacier|167.1508|-72.1853
Many Glaciers Pond|163.1906|-77.3553
Mapple Glacier|-62.15|-65.25
Marchant Glacier|162.03|-78.06
Marchetti Glacier|161.2942|-77.0932
Marck Glacier|-97.02|-72.16
Marin Glacier|162.22|-76.04
Mariner Glacier|167.3|-73.15
Mariner Glacier Tongue|168.2|-73.27
Marr Glacier|162.4419|-77.431
Marret Glacier|137.44|-66.26
Mars Glacier|-68.23|-71.54
Marsh Glacier|158.3|-82.52
Marston Glacier|162.3|-76.54
Martin Glacier|-66.53|-68.29
Mason Glacier|161.41|-78.53
Massam Glacier|-175.12|-84.33
Massey Glacier|168.24|-71.53
Matheson Glacier|-62.05|-70.47
Matterhorn Glacier|162.2038|-77.4003
Matthes Glacier|-65.4|-67.3
Matthews Glacier|-65.3|-75.45
Matusevich Glacier|157.27|-69.2
Matusevich Glacier Tongue|157.15|-69.05
Maury Glacier|-61.4|-72.42
Mawson Glacier|162.05|-76.13
May Glacier|130.3|-66.13
McArthur Glacier|-67.29|-71.2
McCance Glacier|-65.55|-66.43
McCann Glacier|164.33|-71.33
McCarthy Glacier|-127.24|-86.04
McCarty Glacier|-99.24|-72.06
McClary Glacier|-67.0|-68.04
McCleary Glacier|156.5|-79.33
McClinton Glacier|-114.0|-74.4
McCraw Glacier|156.35|-80.07
McCuistion Glacier|-175.3|-84.49
McDermott Glacier|162.04|-78.2
McDonald Ice Rumples|-26.18|-75.28
McElroy Glacier|166.58|-70.58
McGregor Glacier|-174.5|-85.08
McKellar Glacier|167.07|-72.12
McKinnon Glacier|67.45|-70.38
McLay Glacier|158.49|-81.02
McLean Glacier|164.45|-70.59
McLeod Glacier|-45.38|-60.44
McLeod Glacier|158.22|-69.22
McLin Glacier|163.27|-71.12
McMahon Glacier|165.45|-70.45
McManus Glacier|-71.27|-69.28
McMorrin Glacier|-67.1|-67.59
McNeile Glacier|-59.26|-63.54
Meander Glacier|166.55|-73.16
Mefjell Glacier|25.0|-71.58
Meiklejohn Glacier|-67.44|-70.33
Meinardus Glacier|-61.55|-73.22
Mellor Glacier|66.3|-73.3
Melville Glacier|-62.1|-65.28
Mendeleyev Glacier|14.33|-71.55
Mercury Glacier|-68.14|-71.34
Mercury Glacier|157.17|-79.34
Meridian Glacier|-66.37|-68.45
Merrick Glacier|158.52|-80.13
Mertz Glacier|144.45|-67.3
Mertz Glacier Tongue|145.3|-67.1
Meserve Glacier|162.2127|-77.3211
Midship Glacier|161.3|-76.52
Midway Glacier|166.5|-72.1
Miers Glacier|163.4|-78.05
Miethe Glacier|-63.06|-64.56
Mikado Glacier|-70.4|-69.53
Mill Glacier|168.3|-85.1
Miller Glacier|161.5714|-77.1123
Millett Glacier|-67.4|-70.37
Millington Glacier|178.0|-84.32
Mime Glacier|161.461|-77.3722
Mincer Glacier|-97.55|-72.1
Mincey Glacier|-177.3|-84.57
Minerva Glacier|157.15|-79.3412
Minnesota Glacier|-83.0|-79.0
Mitchell Glacier|163.1034|-77.573
Mitterling Glacier|-64.18|-66.5
Mjell Glacier|26.06|-72.07
Moa Glacier|162.4726|-77.4254
Moffett Glacier|-161.0|-85.52
Moider Glacier|-67.38|-67.43
Molle Glacier|47.1|-67.31
Mollweide Glacier|163.3934|-77.5603
Mondor Glacier|-57.08|-63.28
Montecchi Glacier|167.35|-72.04
Montgolfier Glacier|-62.15|-64.47
Montgomerie Glacier|166.55|-83.47
Montigny Glacier|163.24|-71.05
Moody Glacier|165.48|-84.3
Moran Glacier|-70.16|-69.14
Morelli Glacier|-102.38|-72.59
Morgan Glacier|68.1718|-73.1702
Morley Glacier|162.45|-71.12
Morning Glacier|163.4729|-78.2734
Morris Glacier|-37.14|-54.05
Morris Glacier|-169.3|-84.46
Morrison Glacier|-63.3|-66.1
Morse Glacier|130.05|-66.21
Morton Glacier|168.0|-83.12
Mosby Glacier|-61.4|-73.09
Moser Glacier|-62.22|-64.51
Moubray Glacier|170.18|-71.52
Moubray Piedmont Glacier|170.2|-71.55
Mouillard Glacier|-60.53|-64.18
Muck Glacier|177.3|-84.39
Mulebreen|59.21|-67.28
Mulock Glacier|160.0|-79.0
Murphy Glacier|-66.2|-66.54
Murray Glacier|170.0|-71.39
Murrish Glacier|-61.45|-71.02
Mushketov Glacier|14.55|-71.2
Muus Glacier|-61.36|-71.26
Myers Glacier|-100.07|-72.16
Müller Glacier|166.24|-72.16
Nachtigal Glacier|-36.09|-54.29
Naess Glacier|-67.55|-70.22
Nameless Glacier|170.18|-71.38
Nascent Glacier|167.37|-73.22
Nash Glacier|168.1|-71.15
Nemesis Glacier|67.3|-70.32
Nemo Glacier|-67.22|-67.43
Neny Glacier|-66.25|-68.15
Neptune Glacier|-68.17|-71.44
Nereson Glacier|-124.24|-73.56
Neumayer Glacier|-36.41|-54.15
New Glacier|162.24|-77.02
Newall Glacier|162.3529|-77.3216
Newcomer Glacier|-85.27|-77.47
Newnes Glacier|170.14|-71.41
Nichols Snowfield|-71.05|-69.25
Nielsen Glacier|169.41|-71.31
Nikitin Glacier|-75.36|-73.48
Nils Larsen Glacier|-90.39|-68.44
Nimitz Glacier|-85.1|-78.55
Nimrod Glacier|163.0|-82.21
Ninnis Glacier|147.0|-68.22
Ninnis Glacier Tongue|147.45|-68.05
Nipe Glacier|25.15|-71.52
Nishi-naga-iwa Glacier|41.18|-68.31
Niépce Glacier|-63.22|-65.07
Nobile Glacier|-61.28|-64.32
Noble Glacier|-58.26|-62.04
Noll Glacier|159.09|-69.33
Nordenskjöld Glacier|-36.22|-54.22
Nordenskjöld Ice Tongue|162.45|-76.11
Norfolk Glacier|-130.18|-85.53
Norman Glacier|-67.3|-71.25
Norris Glacier|162.1323|-77.3932
Norsk Polarinstitutt Glacier|31.16|-72.34
Northcliffe Glacier|98.52|-66.4
Northeast Glacier|-66.58|-68.09
Northwind Glacier|161.18|-76.4
Norway Glacier|-164.0|-86.3
Nottarp Glacier|162.54|-82.37
Novosilski Glacier|-36.18|-54.4
Nueve de Julio Glacier|-66.52|-68.26
Nursery Glacier|160.3|-81.16
Nye Glacier|-67.31|-67.28
Nylen Glacier|161.2948|-77.4117
O'Hara Glacier|166.4|-70.49
O'Kane Glacier|163.06|-74.26
Oakley Glacier|166.08|-73.42
Oates Piedmont Glacier|162.35|-76.25
Oberst Glacier|27.04|-72.03
Ochs Glacier|-145.35|-76.3
Odell Glacier|159.55|-76.44
Odin Glacier|161.3711|-77.3453
Oku-iwa Glacier|40.46|-68.42
Olentangy Glacier|-127.2|-86.0
Oliver Glacier|163.45|-82.34
Olson Glacier|166.41|-72.49
Olstad Glacier|-90.41|-68.5
Omega Glacier|41.01|-68.37
Ommanney Glacier|169.29|-71.32
Orestes Glacier|161.5454|-77.272
Orr Glacier|162.52|-71.36
Orwell Glacier|-45.38|-60.43
Osicki Glacier|170.45|-84.41
Osuga Glacier|166.55|-72.34
Otago Glacier|161.1|-82.32
Otlet Glacier|-64.38|-65.48
Overflow Glacier|163.1106|-77.4725
Overturn Glacier|157.15|-79.54
Packard Glacier|162.091|-77.2017
Paget Glacier|-36.28|-54.24
Palais Glacier|161.3906|-77.5737
Palestrina Glacier|-71.35|-69.21
Pan Glacier|-64.24|-68.48
Parizhskaya Kommuna Glacier|12.04|-71.38
Park Glacier|-110.5|-74.21
Parker Glacier|165.33|-73.47
Parks Glacier|-125.55|-77.07
Paré Glacier|-62.13|-64.08
Paschal Glacier|-140.4|-75.54
Pascoe Glacier|161.01|-76.46
Paternostro Glacier|158.37|-69.24
Patton Glacier|-85.25|-78.16
Paulus Glacier|-70.33|-69.24
Pavlak Glacier|163.12|-82.58
Payne Glacier|-96.42|-71.55
Pearl Harbor Glacier|167.4|-72.15
Peckham Glacier|157.25|-80.21
Pelter Glacier|-98.22|-71.57
Penck Glacier|-34.42|-77.57
Pequod Glacier|-62.03|-65.3
Perez Glacier|177.0|-84.06
Perkins Glacier|-136.37|-74.54
Perunika Glacier|-60.12|-62.36
Perutz Glacier|-66.33|-67.36
Peshtera Glacier|-60.18|-62.42
Peter Glacier|-1.09|-73.2
Peters Glacier|-37.33|-54.08
Peterson Glacier|110.44|-66.25
Petkovic Glacier|68.1348|-72.5812
Pettus Glacier|-59.04|-63.48
Philippi Glacier|-36.03|-54.49
Philippi Glacier|88.2|-66.45
Pilot Glacier|165.03|-73.23
Pine Island Glacier|-100.0|-75.1
Pipecleaner Glacier|162.51|-78.14
Pitkevitch Glacier|168.52|-71.23
Pitzman Glacier|160.1|-70.41
Plane Table Glacier|161.2931|-77.3448
Plata Glacier|166.11|-72.04
Plummer Glacier|-81.3|-79.58
Plummet Glacier|161.543|-77.4701
Pluto Glacier|-68.22|-71.07
Poetry Glacier|-57.48|-61.56
Polar Club Glacier|-58.32|-62.14
Polar Record Glacier|75.3|-69.45
Polar Times Glacier|74.35|-69.46
Polarforschung Glacier|75.07|-69.5
Polaris Glacier|-59.31|-64.14
Polarårboken Glacier|76.0|-69.36
Pollard Glacier|-64.13|-65.49
Pope Glacier|-111.22|-75.19
Posadowsky Glacier|3.22|-54.25
Posadowsky Glacier|89.25|-66.5
Potter Glacier|162.12|-78.23
Potts Glacier|166.5|-72.58
Poulter Glacier|-153.3|-86.5
Pourquoi Pas Glacier|135.55|-66.15
Pourquoi Pas Glacier Tongue|136.0|-66.1
Prebble Glacier|164.3|-84.16
Prespa Glacier|-60.13|-62.43
Price Glacier|-37.29|-54.07
Priddy Glacier|164.0204|-77.5607
Priestley Glacier|163.22|-74.2
Prince Edward Glacier|159.32|-82.46
Prince Philip Glacier|159.55|-82.21
Prince of Wales Glacier|160.1|-82.44
Princess Anne Glacier|159.2|-82.59
Prospect Glacier|-67.2|-69.32
Pryor Glacier|160.1|-70.05
Punchbowl Glacier|-61.57|-65.11
Purvis Glacier|-37.1|-54.06
Pyke Glacier|-59.36|-64.15
Pyne Glacier|162.18|-77.04
Pūanu Glacier|160.584|-77.233
Quartermain Glacier|-65.09|-67.01
Quensel Glacier|-35.5|-54.46
Quito Glacier|-59.47|-62.27
Quonset Glacier|-127.05|-85.19
Rabot Glacier|160.1|-83.11
Rachel Glacier|-62.1|-65.37
Rachmaninoff Glacier|-72.35|-72.3
Radian Glacier|163.0|-78.13
Ragle Glacier|-145.32|-76.28
Ragotzkie Glacier|157.45|-80.02
Rainey Glacier|163.06|-73.4
Rakuda Glacier|43.54|-68.03
Ramorino Glacier|-85.38|-78.24
Ramseier Glacier|156.18|-80.3
Ramsey Glacier|179.2|-84.24
Rankin Glacier|-62.15|-71.41
Ranvik Glacier|77.4|-69.1
Rastorfer Glacier|167.06|-71.5
Rastorguev Glacier|163.3|-70.57
Rawle Glacier|164.4|-71.5
Rayner Glacier|48.25|-67.4
Razdelyayushchiy Glacier|66.4653|-73.3424
Rebuff Glacier|163.12|-73.58
Recoil Glacier|163.05|-73.46
Recovery Glacier|-28.0|-81.1
Reedy Glacier|-134.0|-85.3
Reeves Glacier|162.15|-74.45
Reid Glacier|98.4|-66.3
Reid Glacier|-67.16|-67.29
Remenchus Glacier|101.35|-66.02
Remington Glacier|-84.18|-78.34
Remus Glacier|-66.43|-68.2
Renard Glacier|-61.38|-64.4
Renaud Glacier|-65.35|-67.43
Renegar Glacier|163.08|-78.22
Rennell Glacier|-84.12|-79.23
Rennick Glacier|160.45|-70.3
Repeater Glacier|162.5035|-77.2906
Reuning Glacier|-72.41|-71.26
Reusch Glacier|169.29|-71.29
Rexford Glacier|-100.04|-72.05
Reynolds Glacier|-145.55|-77.38
Rhone Glacier|162.115|-77.4131
Richardson Glacier|-63.42|-70.28
Richter Glacier|-155.25|-77.1
Rickmers Glacier|-64.55|-66.15
Ridgeway Glacier|167.14|-73.24
Rignot Glacier|-102.0|-73.06
Riley Glacier|-68.2|-70.03
Rim Glacier|160.2622|-77.1215
Ringer Glacier|161.5503|-77.1423
Rippon Glacier|56.29|-66.4
Risting Glacier|-36.06|-54.46
Rivard Glacier|163.55|-78.04
Roald Glacier|-45.13|-60.39
Robb Glacier|165.0|-82.38
Robbins Glacier|-98.41|-72.1
Robert Glacier|56.18|-67.1
Robertson Glacier|165.23|-71.03
Robillard Glacier|-65.35|-68.18
Robilliard Glacier|159.56|-70.13
Robinson Glacier|107.16|-66.3
Robison Glacier|-148.12|-86.29
Robson Glacier|162.11|-77.05
Rochray Glacier|-101.1|-72.11
Roe Glacier|-151.26|-85.36
Rofe Glacier|68.1859|-72.5221
Rogers Glacier|73.04|-69.59
Rogstad Glacier|1.19|-72.21
Romulus Glacier|-66.55|-68.23
Roos Glacier|-110.57|-75.17
Rosanova Glacier|-97.55|-73.15
Roscoe Glacier|95.2|-66.3
Rosenberg Glacier|-132.33|-75.44
Ross Glacier|-36.06|-54.33
Rosselin Glacier|-70.53|-69.16
Rotunda Glacier|161.3815|-78.0008
Rotz Glacier|-65.43|-69.17
Rowland Glacier|163.1|-82.46
Rowles Glacier|167.39|-71.17
Rozier Glacier|-62.13|-64.45
Rubble Glacier|-68.18|-71.2
Rubey Glacier|-137.07|-75.11
Rudolph Glacier|-62.26|-64.54
Rudolph Glacier|167.53|-72.32
Ruecroft Glacier|161.4|-78.13
Runcorn Glacier|-62.42|-72.03
Rush Glacier|-62.37|-64.23
Russell East Glacier|-58.2|-63.44
Russell West Glacier|-58.5|-63.4
Rutgers Glacier|161.55|-78.14
Rutkowski Glacier|166.21|-85.11
Ryan Glacier|-37.36|-54.03
Ryder Glacier|-67.2|-71.07
Sabine Glacier|-59.47|-63.55
Sal Glacier|25.31|-72.03
Salient Glacier|163.05|-78.06
Salmon Glacier|164.0451|-77.5815
Salomon Glacier|-35.54|-54.47
Saltzman Glacier|-84.51|-78.39
San Martín Glacier|-42.14|-82.24
Sanctuary Glacier|-150.25|-86.0
Sandford Glacier|129.5|-66.4
Sandhøhallet Glacier|9.5|-71.52
Sandy Glacier|161.5721|-77.2844
Sargent Glacier|-163.5|-85.23
Saturn Glacier|-68.35|-72.0
Saussure Glacier|-67.0|-67.11
Savage Glacier|-96.09|-72.28
Sayce Glacier|-62.59|-65.05
Scambos Glacier|-149.25|-77.44
Schanz Glacier|-83.4|-79.45
Schimper Glacier|-25.05|-80.18
Schlatter Glacier|161.2706|-77.4121
Schmidt Glacier|73.24|-53.03
Schmidt Glacier|-83.42|-79.15
Schneider Glacier|-84.17|-79.29
Schrader Glacier|-37.39|-54.07
Schultz Glacier|162.2018|-77.1912
Schutt Glacier|161.31|-78.16
Schweitzer Glacier|-34.4|-77.5
Schytt Glacier|-3.4|-71.35
Scoble Glacier|60.27|-67.23
Scott Glacier|100.2|-66.3
Scott Glacier|-153.0|-85.45
Scott Keltie Glacier|169.49|-71.32
Scrivener Glacier|161.37|-76.57
Scudding Glacier|160.45|-76.54
Scylla Glacier|67.0|-70.2
Sea Lion Glacier|-60.22|-62.38
Seafarer Glacier|166.34|-72.54
Seal Glacier|-81.5|-79.53
Seaton Glacier|56.26|-66.43
Sedgwick Glacier|-69.22|-69.51
Sefton Glacier|156.52|-80.45
Seller Glacier|-66.24|-69.19
Sennet Glacier|158.42|-80.12
Serrat Glacier|161.04|-70.24
Sessums Glacier|-100.33|-72.0
Severinghaus Glacier|-85.15|-78.4
Shabica Glacier|-62.45|-70.21
Shackleton Glacier|-176.2|-84.35
Shambles Glacier|-68.13|-67.2
Shanklin Glacier|176.4|-84.37
Shark Fin Glacier|162.55|-78.23
Sharp Glacier|-66.27|-67.2
Sharpend Glacier|160.56|-76.52
Sheehan Glacier|162.24|-70.56
Sheldon Glacier|-68.23|-67.3
Shell Glacier|166.2302|-77.1549
Shennong Glacier|76.0159|-69.3011
Sheraton Glacier|68.2337|-73.2633
Shinnan Glacier|44.38|-67.55
Shipley Glacier|169.12|-71.26
Shirase Glacier|38.45|-70.05
Shoemaker Glacier|164.45|-73.47
Shoesmith Glacier|-67.12|-67.51
Shuman Glacier|-139.3|-75.15
Sibelius Glacier|-70.05|-69.55
Siegfried Glacier|-72.28|-69.33
Siemiatkowski Glacier|-144.12|-75.54
Sigyn Glacier|8.36|-71.52
Sikorski Glacier|-98.24|-71.49
Sikorsky Glacier|-60.53|-64.12
Silk Glacier|158.55|-81.09
Simmons Glacier|-113.36|-75.0
Simpson Glacier|168.38|-71.17
Simpson Glacier Tongue|168.45|-71.15
Singer Glacier|-113.57|-74.16
Sirocco Glacier|-68.31|-69.25
Sivjee Glacier|159.23|-81.57
Sjögren Glacier|-59.0|-64.14
Sjögren Glacier Tongue (historical)|-58.38|-64.14
Skallen Glacier|39.33|-69.4
Skarsbrotet Glacier|11.45|-71.5
Skarskvervet Glacier|11.3|-71.45
Skellerup Glacier|155.42|-81.38
Skelton Glacier|161.3|-78.35
Skinner Glacier|-68.0|-70.14
Skua Glacier|157.4|-82.55
Sledgers Glacier|162.48|-71.26
Sleipnir Glacier|-63.59|-66.29
Slessor Glacier|-28.3|-79.5
Sloket Glacier|4.54|-71.59
Sloman Glacier|-68.33|-67.41
Slone Glacier|170.03|-71.56
Smith Glacier|-112.0|-75.05
Smithson Glacier|163.52|-71.15
Snakeskin Glacier|170.4|-84.57
Snedeker Glacier|106.48|-66.28
Snowshoe Glacier|-66.35|-68.19
Snuggerud Glacier|7.52|-72.07
Socks Glacier|170.05|-83.42
Sohm Glacier|-64.49|-66.07
Solis Glacier|-59.46|-62.31
Sollas Glacier|162.3555|-77.4323
Solomon Glacier|162.3|-78.23
Somero Glacier|-167.12|-85.0
Somers Glacier|-63.31|-65.22
Somigliana Glacier|-67.09|-67.0
Sorenson Glacier|-111.22|-74.28
Soto Glacier|-61.46|-71.31
Souchez Glacier|-154.0|-86.17
South America Glacier|161.4806|-77.4817
Sowers Glacier|-84.59|-78.37
Spartan Glacier|-68.2|-71.03
Spear Glacier|-68.15|-75.55
Spenceley Glacier|-36.19|-54.35
Spiess Glacier|-61.18|-72.12
Splettstoesser Glacier|-84.09|-79.12
Spring Glacier|163.0715|-77.5525
Sprocket Glacier|160.3544|-77.1201
Squires Glacier|-62.35|-73.58
Srebŭrna Glacier|-60.02|-62.41
Srite Glacier|-69.0|-76.0
Stafford Glacier|168.15|-72.3
Staircase Glacier|168.43|-72.16
Stancomb-Wills Glacier|-19.0|-75.18
Stancomb-Wills Glacier Tongue|-22.0|-75.0
Stapleton Glacier|-102.3|-72.56
Starbuck Glacier|-62.09|-65.38
Starshot Glacier|160.2|-81.2
Steagall Glacier|-161.54|-85.38
Stenhouse Glacier|-58.25|-62.04
Stephenson Glacier|73.42|-53.06
Steuri Glacier|-112.24|-76.23
Stevenson Glacier|72.48|-70.06
Stewart Glacier|-151.25|-77.29
Stocking Glacier|161.5151|-77.4204
Storey Glacier (historical)|-36.01|-54.47
Strahan Glacier|64.37|-67.38
Strange Glacier|-63.4|-74.5
Stratton Glacier|-29.0|-80.22
Strauss Glacier|-139.4|-77.2
Stringfellow Glacier|-60.18|-64.1
Strom Glacier|-164.3|-85.1
Stubb Glacier|-62.1|-65.41
Stuckless Glacier|166.12|-78.16
Stuttflog Glacier|4.45|-71.56
Styles Glacier|68.1859|-72.3735
Styx Glacier|163.51|-74.02
Suess Glacier|162.4134|-77.3832
Sullivan Glacier|-70.45|-69.42
Sultan Glacier|-55.21|-61.08
Summers Glacier|167.28|-72.13
Sumner Glacier|-65.4|-68.53
Sunfix Glacier|-64.3|-69.16
Sunshine Glacier|-45.3|-60.38
Support Force Glacier|-46.3|-82.45
Suter Glacier|167.1|-73.31
Suvorov Glacier|160.0|-69.56
Suárez Glacier|-62.56|-64.56
Svea Glacier|1.53|-72.08
Svendsen Glacier|160.0|-70.21
Swann Glacier|-61.48|-73.53
Swanson Glacier|160.24|-71.3
Swift Glacier|-57.46|-64.22
Swinford Glacier|164.1|-84.45
Swithinbank Glacier|-66.46|-67.56
Swope Glacier|-145.5|-77.2
Sykes Glacier|161.3244|-77.3517
Sylwester Glacier|159.48|-84.14
Sölch Glacier|-66.23|-67.04
Sørsdal Glacier|78.15|-68.41
Sørsdal Glacier Tongue|78.0|-68.42
Tait Glacier|-58.02|-64.22
Talbot Glacier|-63.14|-65.12
Tama Glacier|40.22|-68.47
Tate Glacier|-160.5|-85.54
Taylor Glacier|161.4555|-77.4505
Taylor Glacier|162.1|-77.44
Tedrow Glacier|161.5211|-77.5825
Tekuchiy Glacier|68.1213|-69.5131
Telemeter Glacier|160.1315|-77.484
Telen Glacier|39.42|-69.38
Temple Glacier|-60.01|-64.0
Terra Nova Glacier|167.4259|-77.281
Terror Glacier|168.03|-77.37
Thomas Glacier|-84.0|-78.4
Thompson Glacier|123.39|-66.45
Thomson Glacier|-80.13|-73.27
Thunder Glacier|-63.24|-64.5
Thurston Glacier|-125.18|-73.18
Thwaites Glacier|-106.45|-75.3
Thwaites Glacier Tongue|-106.5|-75.0
Thyer Glacier|48.45|-67.43
Tillite Glacier|166.0|-83.51
Tingey Glacier|68.2444|-73.3353
Tinker Glacier|164.5|-74.0
Tinker Glacier Tongue|165.02|-74.06
Tocci Glacier|168.18|-72.1
Todd Glacier|-67.03|-68.03
Tofani Glacier|-65.35|-68.21
Tofte Glacier|-90.42|-68.48
Tomilin Glacier|159.0|-69.3
Topside Glacier|160.57|-76.42
Torii Glacier|35.38|-71.19
Totten Glacier|116.2|-67.0
Totten Glacier Tongue|116.05|-66.35
Touchdown Glacier|158.1|-79.48
Towle Glacier|161.05|-76.38
Towles Glacier|169.05|-72.25
Toynbee Glacier|-69.35|-69.35
Tracy Glacier|102.2|-65.57
Trafalgar Glacier|168.25|-72.28
Trail Glacier|61.35|-73.34
Trainer Glacier|167.29|-72.34
Transition Glacier|-68.49|-70.26
Tranter Glacier|161.45|-82.32
Traub Glacier|-59.47|-62.28
Trench Glacier|-69.11|-70.12
Trepidation Glacier|162.21|-78.46
Trooz Glacier|-63.58|-65.2
True Glacier|-111.45|-74.38
Tucker Glacier|169.15|-72.32
Tulaczyk Glacier|-85.53|-78.35
Tumble Glacier|-69.2|-69.57
Turk Glacier|68.2339|-73.2127
Turnabout Glacier|160.4338|-77.4559
Turner Glacier|-68.29|-67.37
Tverregg Glacier|-3.36|-73.27
Twitcher Glacier|-35.56|-54.43
Twombley Glacier|157.45|-80.35
Tyler Glacier|168.35|-72.15
Tyrrell Glacier|-36.31|-54.22
Tønnesen Glacier|3.28|-72.04
Ueda Glacier|-64.35|-75.15
Underwood Glacier|108.0|-66.35
Union Glacier|-82.3|-79.45
Upper Jaw Glacier|162.57|-78.21
Uranus Glacier|-68.2|-71.24
Usher Glacier|-58.37|-62.02
Uspallata Glacier|-66.52|-68.11
Utopia Glacier|-68.16|-71.51
Utstikkar Glacier|61.2|-67.33
Utstikkar Glacier Tongue|61.22|-67.3
Vacchi Piedmont Glacier|164.38|-74.34
Vahsel Glacier|73.23|-53.04
Valhalla Glacier|161.5841|-77.3343
Vallot Glacier|-67.3|-67.18
Van Loon Glacier|163.24|-71.01
Van Reeth Glacier|-148.0|-86.25
Vandament Glacier|167.1|-85.19
Vanderford Glacier|110.26|-66.35
Vane Glacier|-110.19|-75.15
Vangengeym Glacier|13.48|-71.17
Varlamov Glacier|-73.25|-71.4
Vaughan Glacier|-153.12|-85.55
Velasco Glacier|-101.11|-74.16
Venus Glacier|-68.15|-71.38
Venzke Glacier|-134.24|-75.0
Vereyken Glacier|163.57|-78.25
Vestreskorve Glacier|5.05|-71.57
Veststraumen Glacier|-15.0|-74.15
Victoria Lower Glacier|162.3352|-77.1931
Victoria Upper Glacier|161.2647|-77.1537
Victory Glacier|-58.25|-63.49
Vindegghallet Glacier|11.15|-71.49
Vinje Glacier|8.0|-71.55
Vivaldi Glacier|-69.5|-70.47
Vivallos Glacier|-62.48|-64.52
Vogel Glacier|-63.1|-65.0
Von Guerard Glacier|163.2023|-77.3912
Vornberger Glacier|-125.04|-73.55
Waddington Glacier|161.2432|-78.0245
Wager Glacier|-69.23|-69.48
Wahl Glacier|165.06|-83.59
Walcott Glacier|163.15|-78.14
Waldron Glacier|130.0|-66.31
Wales Glacier|163.3014|-77.3745
Walk Glacier|-94.18|-73.38
Walker Glacier|160.375|-77.1933
Wallend Glacier|-62.13|-64.58
Wallis Glacier|168.15|-71.14
Walsh Glacier|158.45|-69.33
Walter Glacier|-70.21|-69.17
Ward Glacier|163.27|-78.1
Ward Glacier|-67.24|-67.14
Warning Glacier|170.21|-71.32
Warr Glacier|-98.19|-72.11
Watson Glacier|154.5603|-79.5012
Waverly Glacier|-61.38|-74.01
Weatherwax Glacier|163.3528|-77.3813
Webb Glacier|-36.1|-54.32
Webb Glacier|160.441|-77.1824
Webster Glacier|-86.11|-79.06
Weddell Glacier|-36.0|-54.35
Weir Glacier|-64.42|-66.04
Weldon Glacier|-31.5025|-77.1211
Wellman Glacier|-61.26|-64.29
Wells Glacier|-61.11|-73.32
Wessbecher Glacier|-84.18|-78.53
Wetmore Glacier|-63.35|-74.38
Weyerhaeuser Glacier|-65.32|-68.45
Wheatstone Glacier|-62.31|-64.44
Wheeler Glacier|-36.22|-54.36
Whewell Glacier|169.47|-72.04
Whiplash Glacier|167.42|-72.16
Whirlwind Glaciers|-65.32|-67.24
White Glacier|-140.5|-75.45
Whitecloud Glacier|-59.32|-63.55
Whitehall Glacier|169.25|-72.43
Whitney Glacier|-160.0|-85.39
Whittle Glacier|114.13|-66.22
Whittle Glacier Tongue|114.24|-66.2
Widdowson Glacier|-65.46|-66.43
Wiggins Glacier|-64.03|-65.14
Wildwind Glacier|161.1|-76.52
Wilhelm Glacier|166.37|-72.46
Wilkinson Glacier|-66.2|-66.5
Willey Glacier|-67.5|-70.25
William Glacier|-63.27|-64.43
Williams Glacier|162.18|-78.06
Williamson Glacier|114.06|-66.4
Williamson Glacier Tongue|114.24|-66.29
Willis Glacier|162.0451|-77.1559
Wilma Glacier|56.0|-67.12
Wilson Glacier|56.25|-66.46
Wilson Piedmont Glacier|163.2129|-77.2038
Winston Glacier|73.38|-53.09
Wirdnam Glacier|162.02|-78.25
Withrow Glacier|-156.25|-77.24
Wood Glacier|166.42|-72.29
Woodberry Glacier|161.38|-75.06
Woodbury Glacier|-62.2|-64.47
Wotkyns Glacier|-131.25|-86.04
Wright Lower Glacier|162.581|-77.25
Wright Upper Glacier|160.3328|-77.3207
Wubbold Glacier|-71.35|-69.2
Wyatt Glacier|-66.1|-68.18
Wyckoff Glacier|164.4|-84.11
Wylde Glacier|166.42|-73.32
Yamato Glacier|35.35|-71.25
Yancey Glacier|158.3|-80.14
Yates Glacier|-62.12|-70.49
Yeats Glacier|-175.0|-85.01
Yoder Glacier|-114.24|-75.07
Young Glacier|-84.49|-78.04
Zaneveld Glacier|-176.25|-85.26
Zapol Glacier|-85.51|-78.35
Zeller Glacier|156.3|-80.55
Zenith Glacier|163.45|-71.52
Zephyr Glacier|-68.36|-69.28
Zetland Glacier|163.5018|-78.0034
Zinberg Glacier|-96.04|-72.21
Zoller Glacier|162.1734|-77.5242
Zonda Glacier|-68.3|-69.33
Zotikov Glacier|-169.15|-85.02
Zuniga Glacier|-111.51|-74.34
Zwally Glacier|165.0812|-71.1244
Zykov Glacier|164.46|-70.37
Zélée Glacier|141.1|-66.52
Zélée Glacier Tongue|141.1|-66.47
