Anandakrishnan Glacier|-140.05|-75.32
Antevs Glacier|-66.49|-67.19
Anthony Glacier|-62.45|-69.47
Archer Glacier|-63.05|-65.1
Arruiz Glacier|162.09|-70.39
Assender Glacier|46.25|-67.36
Barber Glacier|162.45|-70.26
Bayly Glacier|-61.5|-64.37
Beardmore Glacier|171.0|-83.45
Bilgeri Glacier|-64.47|-66.01
Bingham Glacier|-63.1|-69.23
Borchgrevink Glacier|168.3|-73.04
Bradford Glacier|-64.18|-65.51
Burnette Glacier|170.03|-72.01
Bussey Glacier|-64.01|-65.16
Carey Glacier|-83.55|-78.53
Carryer Glacier|162.38|-71.17
Cassini Glacier|163.492|-77.5351
Chamberlin Glacier|-65.33|-67.34
Chaos Glacier|78.0|-69.01
Cheetham Ice Tongue|162.55|-75.45
Chijire Glacier|43.23|-68.03
Clarke Glacier|-139.06|-75.11
Clifford Glacier|-62.3|-70.23
Cordini Glacier|-62.3|-70.01
Crane Glacier|-62.15|-65.2
Crawford Glacier|163.13|-70.53
Cronus Glacier|-64.04|-68.51
Daguerre Glacier|-63.25|-65.07
Dalton Glacier|-152.25|-77.33
Dana Glacier|-62.23|-70.55
De Haven Glacier|127.32|-67.03
Dennistoun Glacier|168.0|-71.11
Depot Glacier|-57.03|-63.25
Dick Glacier|-175.5|-84.53
Dickey Glacier|161.0|-81.35
Dolinnyy Glacier|68.143|-73.0117
Dorchuck Glacier|-113.56|-74.44
Downer Glacier|56.25|-66.58
Earnshaw Glacier|-65.11|-68.45
Entuziasty Glacier|14.3|-70.3
Evans Glacier|-61.4|-65.05
Evans Glacier|170.0|-83.47
Exum Glacier|-94.14|-73.3
Fendley Glacier|168.47|-71.18
Forman Glacier|-177.1|-84.39
Fricker Glacier|-65.0|-67.03
Frost Glacier|129.0|-67.05
Frostman Glacier|-137.57|-75.08
Gain Glacier|-61.25|-71.01
Gerasimou Glacier|-177.03|-84.42
Gilchrist Glacier|114.06|-66.07
Gopher Glacier|-94.0|-73.28
Green Glacier|-61.52|-64.58
Gruening Glacier|-61.55|-71.52
Hamilton Glacier|-157.25|-77.33
Hammond Glacier|-146.0|-77.25
Harbord Glacier|162.24|-75.55
Harbord Glacier Tongue|162.5|-75.55
Harbour Glacier|162.54|-77.02
Harbour Glacier Tongue|162.55|-77.01
Haskell Glacier|-94.13|-73.34
Hays Glacier|46.18|-67.4
Heezen Glacier|-61.18|-72.45
Heim Glacier|-66.55|-67.28
Hektoria Glacier|-61.31|-65.03
Hill Glacier|-75.4|-73.03
Holzrichter Glacier|-172.3|-84.5
Horrall Glacier|-114.28|-75.0
Hotine Glacier|-63.52|-65.08
Hugi Glacier|-65.07|-66.11
Jacobel Glacier|-148.17|-77.44
Kenney Glacier|-57.02|-63.25
Kent Glacier|163.1|-82.5
Ketchum Glacier|-63.45|-75.0
Koettlitz Glacier|164.15|-78.15
Krout Glacier|-172.12|-84.53
Leay Glacier|-63.57|-65.1
Leonardo Glacier|-61.58|-64.42
Lind Glacier|-64.01|-65.23
Lliboutry Glacier|-66.46|-67.3
Lord Glacier|-138.41|-75.12
Luke Glacier|-64.02|-65.42
Maitland Glacier|-65.0|-68.43
Manna Glacier|159.4|-69.45
Mariner Glacier|167.3|-73.15
Mason Glacier|161.41|-78.53
Maury Glacier|-61.4|-72.42
McCuistion Glacier|-175.3|-84.49
McLeod Glacier|158.22|-69.22
Melville Glacier|-62.1|-65.28
Mertz Glacier|144.45|-67.3
Mondor Glacier|-57.08|-63.28
Nameless Glacier|170.18|-71.38
Nikitin Glacier|-75.36|-73.48
Niépce Glacier|-63.22|-65.07
Nordenskjöld Ice Tongue|162.45|-76.11
Oates Piedmont Glacier|162.35|-76.25
Orr Glacier|162.52|-71.36
Penck Glacier|-34.42|-77.57
Perez Glacier|177.0|-84.06
Petkovic Glacier|68.1348|-72.5812
Pope Glacier|-111.22|-75.19
Pourquoi Pas Glacier|135.55|-66.15
Prospect Glacier|-67.2|-69.32
Punchbowl Glacier|-61.57|-65.11
Rachel Glacier|-62.1|-65.37
Remenchus Glacier|101.35|-66.02
Renard Glacier|-61.38|-64.4
Ridgeway Glacier|167.14|-73.24
Rignot Glacier|-102.0|-73.06
Rippon Glacier|56.29|-66.4
Robb Glacier|165.0|-82.38
Robert Glacier|56.18|-67.1
Robillard Glacier|-65.35|-68.18
Roe Glacier|-151.26|-85.36
Rosanova Glacier|-97.55|-73.15
Rowland Glacier|163.1|-82.46
Russell East Glacier|-58.2|-63.44
Saussure Glacier|-67.0|-67.11
Schweitzer Glacier|-34.4|-77.5
Schytt Glacier|-3.4|-71.35
Serrat Glacier|161.04|-70.24
Shirase Glacier|38.45|-70.05
Shuman Glacier|-139.3|-75.15
Simpson Glacier Tongue|168.45|-71.15
Sledgers Glacier|162.48|-71.26
Sleipnir Glacier|-63.59|-66.29
Slone Glacier|170.03|-71.56
Smith Glacier|-112.0|-75.05
Socks Glacier|170.05|-83.42
Somigliana Glacier|-67.09|-67.0
Spiess Glacier|-61.18|-72.12
Starbuck Glacier|-62.09|-65.38
Starshot Glacier|160.2|-81.2
Stubb Glacier|-62.1|-65.41
Swithinbank Glacier|-66.46|-67.56
Todd Glacier|-67.03|-68.03
Tranter Glacier|161.45|-82.32
Walsh Glacier|158.45|-69.33
Warning Glacier|170.21|-71.32
Wells Glacier|-61.11|-73.32
Wiggins Glacier|-64.03|-65.14
Yates Glacier|-62.12|-70.49
Yoder Glacier|-114.24|-75.07
Zephyr Glacier|-68.36|-69.28
Zonda Glacier|-68.3|-69.33
