Roe Glacier|-151.26|-85.36
Krout Glacier|-172.12|-84.53
Holzrichter Glacier|-172.3|-84.5
McCuistion Glacier|-175.3|-84.49
Dick Glacier|-175.5|-84.53
Gerasimou Glacier|-177.03|-84.42
Forman Glacier|-177.1|-84.39
Perez Glacier|177.0|-84.06
Beardmore Glacier|171.0|-83.45
Socks Glacier|170.05|-83.42
Robb Glacier|165.0|-82.38
Perez Glacier|177.0|-84.06
Kent Glacier|163.1|-82.5
Rowland Glacier|163.1|-82.46
Tranter Glacier|161.45|-82.32
Dickey Glacier|161.0|-81.35
Starshot Glacier|160.2|-81.2
Mason Glacier|161.41|-78.53
Koettlitz Glacier|164.15|-78.15
Cassini Glacier|163.492|-77.5351
Harbour Glacier|162.54|-77.02
Perez Glacier|177.0|-84.06
Oates Piedmont Glacier|162.35|-76.25
Perez Glacier|177.0|-84.06
Harbord Glacier|162.24|-75.55
Ridgeway Glacier|167.14|-73.24
Mariner Glacier|167.3|-73.15
Borchgrevink Glacier|168.3|-73.04
Burnette Glacier|170.03|-72.01
Nameless Glacier|170.18|-71.38
Warning Glacier|170.21|-71.32
Fendley Glacier|168.47|-71.18
Simpson Glacier|168.38|-71.17
Dennistoun Glacier|168.0|-71.11
Crawford Glacier|163.13|-70.53
Barber Glacier|162.45|-70.26
Arruiz Glacier|162.09|-70.39
Carryer Glacier|162.38|-71.17
Sledgers Glacier|162.48|-71.26
Orr Glacier|162.52|-71.36
Serrat Glacier|161.04|-70.24
Manna Glacier|159.4|-69.45
Walsh Glacier|158.45|-69.33
McLeod Glacier|158.22|-69.22
