Arena Gl.|-57.03|-63.24
Mondor Gl.|-57.08|-63.28
Hektoria Gl.|-61.31|-65.03
Crane Gl.|-62.15|-65.2
Melville Gl.|-62.1|-65.28
Rachel Gl.|-62.1|-65.37
Sleipnir Gl.|-63.59|-66.29
Chamberlin Gl.|-65.33|-67.34
Maitland Gl.|-65.0|-68.43
Cronus Gl.|-64.04|-68.51
Lurabee Gl.|-63.37|-69.15
Bingham Gl.|-63.1|-69.23
Anthony Gl.|-62.45|-69.47
Cordini Gl.|-62.3|-70.01
Clifford Gl.|-62.3|-70.23
Yates Gl.|-62.12|-70.49
Dana Gl.|-62.23|-70.55
Gain Gl.|-61.25|-71.01
Gruening Gl.|-61.55|-71.52
Spiess Gl.|-61.18|-72.12
Maury Gl.|-61.4|-72.42
Heezen Gl.|-61.18|-72.45
Wells Gl.|-61.11|-73.32
Ketchum Gl.|-63.45|-75.0
